<?xml version="1.0" encoding="UTF-8"?>
<!-- Generated by org.testng.reporters.JUnitReportReporter -->
<testsuite hostname="EGCA1-0091" failures="0" tests="1" name="start.Start" time="11.431" errors="0" timestamp="2022-01-10T01:36:40 EET" skipped="0">
  <testcase classname="start.Start" name="startApplication" time="11.431"/>
  <system-out/>
</testsuite> <!-- start.Start -->
